<?xml version="1.0" encoding="UTF-8"?>
<!-- Generated by org.testng.reporters.JUnitReportReporter -->
<testsuite hostname="e6-vdi-454" failures="0" tests="2" name="com.readyrefresh.testCases.TC_003_RegistrationPageTest" time="61.193" errors="0" timestamp="2023-02-22T02:04:39 EST" skipped="0">
  <testcase classname="com.readyrefresh.testCases.TC_003_RegistrationPageTest" name="addOneTimeProductsToCart" time="29.033"/>
  <system-out/>
  <testcase classname="com.readyrefresh.testCases.TC_003_RegistrationPageTest" name="checkOutPage" time="32.160"/>
  <system-out/>
</testsuite> <!-- com.readyrefresh.testCases.TC_003_RegistrationPageTest -->
